<?xml version="1.0" encoding="UTF-8"?>
<testng-results skipped="0" failed="1" ignored="0" total="1" passed="0">
  <reporter-output>
  </reporter-output>
  <suite name="Default suite" duration-ms="333850" started-at="2022-03-17T12:24:31Z" finished-at="2022-03-17T12:30:05Z">
    <groups>
    </groups>
    <test name="Default test" duration-ms="333850" started-at="2022-03-17T12:24:31Z" finished-at="2022-03-17T12:30:05Z">
      <class name="com.infa.playwright.Learn">
        <test-method status="PASS" signature="beforeSuite()[pri:0, instance:com.infa.playwright.Learn@754ba872]" name="beforeSuite" is-config="true" duration-ms="13" started-at="2022-03-17T12:24:31Z" finished-at="2022-03-17T12:24:31Z">
          <reporter-output>
          </reporter-output>
        </test-method> <!-- beforeSuite -->
        <test-method status="PASS" signature="beforeClass()[pri:0, instance:com.infa.playwright.Learn@754ba872]" name="beforeClass" is-config="true" duration-ms="0" started-at="2022-03-17T12:24:31Z" finished-at="2022-03-17T12:24:31Z">
          <reporter-output>
          </reporter-output>
        </test-method> <!-- beforeClass -->
        <test-method status="PASS" signature="beforeMethod(java.lang.reflect.Method)[pri:0, instance:com.infa.playwright.Learn@754ba872]" name="beforeMethod" is-config="true" duration-ms="15583" started-at="2022-03-17T12:24:31Z" finished-at="2022-03-17T12:24:47Z">
          <params>
            <param index="0">
              <value>
                <![CDATA[public void com.infa.playwright.Learn.TC_002()]]>
              </value>
            </param>
          </params>
          <reporter-output>
          </reporter-output>
        </test-method> <!-- beforeMethod -->
        <test-method status="FAIL" signature="TC_002()[pri:0, instance:com.infa.playwright.Learn@754ba872]" name="TC_002" duration-ms="317941" started-at="2022-03-17T12:24:47Z" finished-at="2022-03-17T12:30:05Z">
          <exception class="com.microsoft.playwright.TimeoutError">
            <message>
              <![CDATA[Timeout 200000ms exceeded]]>
            </message>
            <full-stacktrace>
              <![CDATA[com.microsoft.playwright.TimeoutError: Timeout 200000ms exceeded
at com.microsoft.playwright.impl.WaitableTimeout.get(WaitableTimeout.java:41)
at com.microsoft.playwright.impl.WaitableRace.get(WaitableRace.java:44)
at com.microsoft.playwright.impl.ChannelOwner.runUntil(ChannelOwner.java:103)
at com.microsoft.playwright.impl.FrameImpl.waitForNavigationImpl(FrameImpl.java:952)
at com.microsoft.playwright.impl.FrameImpl.waitForNavigationImpl(FrameImpl.java:933)
at com.microsoft.playwright.impl.PageImpl.waitForNavigationImpl(PageImpl.java:1267)
at com.microsoft.playwright.impl.PageImpl.lambda$waitForNavigation$70(PageImpl.java:1257)
at com.microsoft.playwright.impl.LoggingSupport.withLogging(LoggingSupport.java:47)
at com.microsoft.playwright.impl.ChannelOwner.withLogging(ChannelOwner.java:79)
at com.microsoft.playwright.impl.PageImpl.waitForNavigation(PageImpl.java:1257)
at com.microsoft.playwright.Page.waitForNavigation(Page.java:6066)
at com.infa.pages.LoginPage.loginIntoIICS(LoginPage.java:24)
at com.infa.funcUtils.CDIFuncUtils.loginIICS(CDIFuncUtils.java:21)
at com.infa.playwright.Learn.TC_002(Learn.java:30)
at sun.reflect.NativeMethodAccessorImpl.invoke0(Native Method)
at sun.reflect.NativeMethodAccessorImpl.invoke(NativeMethodAccessorImpl.java:62)
at sun.reflect.DelegatingMethodAccessorImpl.invoke(DelegatingMethodAccessorImpl.java:43)
at java.lang.reflect.Method.invoke(Method.java:498)
at org.testng.internal.MethodInvocationHelper.invokeMethod(MethodInvocationHelper.java:124)
at org.testng.internal.Invoker.invokeMethod(Invoker.java:583)
at org.testng.internal.Invoker.invokeTestMethod(Invoker.java:719)
at org.testng.internal.Invoker.invokeTestMethods(Invoker.java:989)
at org.testng.internal.TestMethodWorker.invokeTestMethods(TestMethodWorker.java:125)
at org.testng.internal.TestMethodWorker.run(TestMethodWorker.java:109)
at org.testng.TestRunner.privateRun(TestRunner.java:648)
at org.testng.TestRunner.run(TestRunner.java:505)
at org.testng.SuiteRunner.runTest(SuiteRunner.java:455)
at org.testng.SuiteRunner.runSequentially(SuiteRunner.java:450)
at org.testng.SuiteRunner.privateRun(SuiteRunner.java:415)
at org.testng.SuiteRunner.run(SuiteRunner.java:364)
at org.testng.SuiteRunnerWorker.runSuite(SuiteRunnerWorker.java:52)
at org.testng.SuiteRunnerWorker.run(SuiteRunnerWorker.java:84)
at org.testng.TestNG.runSuitesSequentially(TestNG.java:1208)
at org.testng.TestNG.runSuitesLocally(TestNG.java:1137)
at org.testng.TestNG.runSuites(TestNG.java:1049)
at org.testng.TestNG.run(TestNG.java:1017)
at org.testng.remote.AbstractRemoteTestNG.run(AbstractRemoteTestNG.java:115)
at org.testng.remote.RemoteTestNG.initAndRun(RemoteTestNG.java:251)
at org.testng.remote.RemoteTestNG.main(RemoteTestNG.java:77)
]]>
            </full-stacktrace>
          </exception> <!-- com.microsoft.playwright.TimeoutError -->
          <reporter-output>
          </reporter-output>
        </test-method> <!-- TC_002 -->
        <test-method status="PASS" signature="closeContext()[pri:0, instance:com.infa.playwright.Learn@754ba872]" name="closeContext" is-config="true" duration-ms="11" started-at="2022-03-17T12:30:05Z" finished-at="2022-03-17T12:30:05Z">
          <reporter-output>
          </reporter-output>
        </test-method> <!-- closeContext -->
        <test-method status="PASS" signature="closeBrowser()[pri:0, instance:com.infa.playwright.Learn@754ba872]" name="closeBrowser" is-config="true" duration-ms="0" started-at="2022-03-17T12:30:05Z" finished-at="2022-03-17T12:30:05Z">
          <reporter-output>
          </reporter-output>
        </test-method> <!-- closeBrowser -->
      </class> <!-- com.infa.playwright.Learn -->
    </test> <!-- Default test -->
  </suite> <!-- Default suite -->
</testng-results>
