<?xml version="1.0" encoding="UTF-8"?>
<!-- Generated by org.testng.reporters.JUnitXMLReporter -->
<testsuite hostname="INW1PF1668EG" ignored="2" name="Test" tests="4" failures="0" timestamp="17 Mar 2022 12:23:12 GMT" time="112.795" errors="0">
  <testcase name="TC_001" time="71.597" classname="com.infa.playwright.SampleTest"/>
  <testcase name="TC_002" time="70.76" classname="com.infa.playwright.SampleTest"/>
  <testcase name="TC_003" time="72.188" classname="com.infa.playwright.SampleTest"/>
  <testcase name="TC_002" time="80.582" classname="com.infa.playwright.Learn"/>
  <testcase name="@AfterSuite closeBrowser" time="0.0" classname="com.infa.playwright.TestNGSetup">
    <ignored/>
  </testcase> <!-- @AfterSuite closeBrowser -->
  <testcase name="@BeforeSuite beforeSuite" time="0.0" classname="com.infa.playwright.TestNGSetup">
    <ignored/>
  </testcase> <!-- @BeforeSuite beforeSuite -->
</testsuite> <!-- Test -->
